[2019-06-08 08:51:34] local.ERROR: ErrorException: Use of undefined constant MCRYPT_RIJNDAEL_128 - assumed 'MCRYPT_RIJNDAEL_128' (this will throw an Error in a future version of PHP) in C:\Users\offic\Documents\GitHub\church\vendor\laravel\framework\src\Illuminate\Encryption\EncryptionServiceProvider.php:16
Stack trace:
#0 C:\Users\offic\Documents\GitHub\church\vendor\laravel\framework\src\Illuminate\Encryption\EncryptionServiceProvider.php(16): Illuminate\Foundation\Bootstrap\HandleExceptions->handleError(2, 'Use of undefine...', 'C:\\Users\\offic\\...', 16, Array)
#1 C:\Users\offic\Documents\GitHub\church\vendor\laravel\framework\src\Illuminate\Container\Container.php(776): Illuminate\Encryption\EncryptionServiceProvider->Illuminate\Encryption\{closure}(Object(Illuminate\Foundation\Application), Array)
#2 C:\Users\offic\Documents\GitHub\church\vendor\laravel\framework\src\Illuminate\Container\Container.php(659): Illuminate\Container\Container->build(Object(Closure), Array)
#3 C:\Users\offic\Documents\GitHub\church\vendor\laravel\framework\src\Illuminate\Foundation\Application.php(644): Illuminate\Container\Container->make('encrypter', Array)
#4 C:\Users\offic\Documents\GitHub\church\vendor\laravel\framework\src\Illuminate\Container\Container.php(890): Illuminate\Foundation\Application->make('encrypter')
#5 C:\Users\offic\Documents\GitHub\church\vendor\laravel\framework\src\Illuminate\Container\Container.php(851): Illuminate\Container\Container->resolveClass(Object(ReflectionParameter))
#6 C:\Users\offic\Documents\GitHub\church\vendor\laravel\framework\src\Illuminate\Container\Container.php(815): Illuminate\Container\Container->getDependencies(Array, Array)
#7 C:\Users\offic\Documents\GitHub\church\vendor\laravel\framework\src\Illuminate\Container\Container.php(659): Illuminate\Container\Container->build('Illuminate\\Cook...', Array)
#8 C:\Users\offic\Documents\GitHub\church\vendor\laravel\framework\src\Illuminate\Foundation\Application.php(644): Illuminate\Container\Container->make('Illuminate\\Cook...', Array)
#9 C:\Users\offic\Documents\GitHub\church\vendor\laravel\framework\src\Illuminate\Pipeline\Pipeline.php(124): Illuminate\Foundation\Application->make('Illuminate\\Cook...')
#10 C:\Users\offic\Documents\GitHub\church\vendor\laravel\framework\src\Illuminate\Foundation\Http\Middleware\CheckForMaintenanceMode.php(42): Illuminate\Pipeline\Pipeline->Illuminate\Pipeline\{closure}(Object(Illuminate\Http\Request))
#11 C:\Users\offic\Documents\GitHub\church\vendor\laravel\framework\src\Illuminate\Pipeline\Pipeline.php(125): Illuminate\Foundation\Http\Middleware\CheckForMaintenanceMode->handle(Object(Illuminate\Http\Request), Object(Closure))
#12 [internal function]: Illuminate\Pipeline\Pipeline->Illuminate\Pipeline\{closure}(Object(Illuminate\Http\Request))
#13 C:\Users\offic\Documents\GitHub\church\vendor\laravel\framework\src\Illuminate\Pipeline\Pipeline.php(100): call_user_func(Object(Closure), Object(Illuminate\Http\Request))
#14 C:\Users\offic\Documents\GitHub\church\vendor\laravel\framework\src\Illuminate\Foundation\Http\Kernel.php(115): Illuminate\Pipeline\Pipeline->then(Object(Closure))
#15 C:\Users\offic\Documents\GitHub\church\vendor\laravel\framework\src\Illuminate\Foundation\Http\Kernel.php(84): Illuminate\Foundation\Http\Kernel->sendRequestThroughRouter(Object(Illuminate\Http\Request))
#16 C:\Users\offic\Documents\GitHub\church\index.php(52): Illuminate\Foundation\Http\Kernel->handle(Object(Illuminate\Http\Request))
#17 {main}  
[2019-06-08 08:51:34] local.ERROR: ErrorException: Use of undefined constant MCRYPT_RIJNDAEL_128 - assumed 'MCRYPT_RIJNDAEL_128' (this will throw an Error in a future version of PHP) in C:\Users\offic\Documents\GitHub\church\vendor\laravel\framework\src\Illuminate\Encryption\EncryptionServiceProvider.php:16
Stack trace:
#0 C:\Users\offic\Documents\GitHub\church\vendor\laravel\framework\src\Illuminate\Encryption\EncryptionServiceProvider.php(16): Illuminate\Foundation\Bootstrap\HandleExceptions->handleError(2, 'Use of undefine...', 'C:\\Users\\offic\\...', 16, Array)
#1 C:\Users\offic\Documents\GitHub\church\vendor\laravel\framework\src\Illuminate\Container\Container.php(776): Illuminate\Encryption\EncryptionServiceProvider->Illuminate\Encryption\{closure}(Object(Illuminate\Foundation\Application), Array)
#2 C:\Users\offic\Documents\GitHub\church\vendor\laravel\framework\src\Illuminate\Container\Container.php(659): Illuminate\Container\Container->build(Object(Closure), Array)
#3 C:\Users\offic\Documents\GitHub\church\vendor\laravel\framework\src\Illuminate\Foundation\Application.php(644): Illuminate\Container\Container->make('encrypter', Array)
#4 C:\Users\offic\Documents\GitHub\church\vendor\laravel\framework\src\Illuminate\Container\Container.php(890): Illuminate\Foundation\Application->make('encrypter')
#5 C:\Users\offic\Documents\GitHub\church\vendor\laravel\framework\src\Illuminate\Container\Container.php(851): Illuminate\Container\Container->resolveClass(Object(ReflectionParameter))
#6 C:\Users\offic\Documents\GitHub\church\vendor\laravel\framework\src\Illuminate\Container\Container.php(815): Illuminate\Container\Container->getDependencies(Array, Array)
#7 C:\Users\offic\Documents\GitHub\church\vendor\laravel\framework\src\Illuminate\Container\Container.php(659): Illuminate\Container\Container->build('Illuminate\\Cook...', Array)
#8 C:\Users\offic\Documents\GitHub\church\vendor\laravel\framework\src\Illuminate\Foundation\Application.php(644): Illuminate\Container\Container->make('Illuminate\\Cook...', Array)
#9 C:\Users\offic\Documents\GitHub\church\vendor\laravel\framework\src\Illuminate\Foundation\Http\Kernel.php(131): Illuminate\Foundation\Application->make('Illuminate\\Cook...')
#10 C:\Users\offic\Documents\GitHub\church\index.php(57): Illuminate\Foundation\Http\Kernel->terminate(Object(Illuminate\Http\Request), Object(Symfony\Component\HttpFoundation\Response))
#11 {main}  
